Checking if PageTask(url=http://127.0.0.1/taxonomy/term/8) is complete
Informed scheduler that task   PageTask_http___127_0_0_1_938e30c640   has status   PENDING
Done scheduling tasks
Running Worker with 1 processes
Asking scheduler for work...
Pending tasks: 1
[pid 29040] Worker Worker(salt=8635608672, workers=1, host=NHDWNQLJW5FW.local, username=ben, pid=29040) running   PageTask(url=http://127.0.0.1/taxonomy/term/8)
[pid 29040] Worker Worker(salt=8635608672, workers=1, host=NHDWNQLJW5FW.local, username=ben, pid=29040) done      PageTask(url=http://127.0.0.1/taxonomy/term/8)
1 running tasks, waiting for next task to finish
Informed scheduler that task   PageTask_http___127_0_0_1_938e30c640   has status   DONE
Asking scheduler for work...
Done
There are no more tasks to run at this time
Worker Worker(salt=8635608672, workers=1, host=NHDWNQLJW5FW.local, username=ben, pid=29040) was stopped. Shutting down Keep-Alive thread

===== Luigi Execution Summary =====

Scheduled 1 tasks of which:
* 1 ran successfully:
    - 1 PageTask(url=http://127.0.0.1/taxonomy/term/8)

This progress looks :) because there were no failed tasks or missing dependencies

===== Luigi Execution Summary =====

Checking if PageTask(url=http://127.0.0.1/taxonomy/term/8) is complete
Informed scheduler that task   PageTask_http___127_0_0_1_938e30c640   has status   PENDING
Done scheduling tasks
Running Worker with 1 processes
Asking scheduler for work...
Pending tasks: 1
[pid 32395] Worker Worker(salt=5752584675, workers=1, host=NHDWNQLJW5FW.local, username=ben, pid=32395) running   PageTask(url=http://127.0.0.1/taxonomy/term/8)
[pid 32395] Worker Worker(salt=5752584675, workers=1, host=NHDWNQLJW5FW.local, username=ben, pid=32395) done      PageTask(url=http://127.0.0.1/taxonomy/term/8)
1 running tasks, waiting for next task to finish
Informed scheduler that task   PageTask_http___127_0_0_1_938e30c640   has status   DONE
Asking scheduler for work...
Done
There are no more tasks to run at this time
Worker Worker(salt=5752584675, workers=1, host=NHDWNQLJW5FW.local, username=ben, pid=32395) was stopped. Shutting down Keep-Alive thread

===== Luigi Execution Summary =====

Scheduled 1 tasks of which:
* 1 ran successfully:
    - 1 PageTask(url=http://127.0.0.1/taxonomy/term/8)

This progress looks :) because there were no failed tasks or missing dependencies

===== Luigi Execution Summary =====

Checking if PageTask(url=http://127.0.0.1/taxonomy/term/8) is complete
Informed scheduler that task   PageTask_http___127_0_0_1_938e30c640   has status   PENDING
Done scheduling tasks
Running Worker with 1 processes
Asking scheduler for work...
Pending tasks: 1
[pid 33221] Worker Worker(salt=8242762164, workers=1, host=NHDWNQLJW5FW.local, username=ben, pid=33221) running   PageTask(url=http://127.0.0.1/taxonomy/term/8)
[pid 33221] Worker Worker(salt=8242762164, workers=1, host=NHDWNQLJW5FW.local, username=ben, pid=33221) done      PageTask(url=http://127.0.0.1/taxonomy/term/8)
1 running tasks, waiting for next task to finish
Informed scheduler that task   PageTask_http___127_0_0_1_938e30c640   has status   DONE
Asking scheduler for work...
Done
There are no more tasks to run at this time
Worker Worker(salt=8242762164, workers=1, host=NHDWNQLJW5FW.local, username=ben, pid=33221) was stopped. Shutting down Keep-Alive thread

===== Luigi Execution Summary =====

Scheduled 1 tasks of which:
* 1 ran successfully:
    - 1 PageTask(url=http://127.0.0.1/taxonomy/term/8)

This progress looks :) because there were no failed tasks or missing dependencies

===== Luigi Execution Summary =====

Checking if PageTask(url=http://127.0.0.1/taxonomy/term/8) is complete
Informed scheduler that task   PageTask_http___127_0_0_1_938e30c640   has status   PENDING
Done scheduling tasks
Running Worker with 1 processes
Asking scheduler for work...
Pending tasks: 1
[pid 33756] Worker Worker(salt=606126725, workers=1, host=NHDWNQLJW5FW.local, username=ben, pid=33756) running   PageTask(url=http://127.0.0.1/taxonomy/term/8)
[pid 33756] Worker Worker(salt=606126725, workers=1, host=NHDWNQLJW5FW.local, username=ben, pid=33756) failed    PageTask(url=http://127.0.0.1/taxonomy/term/8)
Traceback (most recent call last):
  File "/Users/ben/Projects/Scratchpads/.venv/lib/python3.12/site-packages/luigi/worker.py", line 210, in run
    new_deps = self._run_get_new_deps()
               ^^^^^^^^^^^^^^^^^^^^^^^^
  File "/Users/ben/Projects/Scratchpads/.venv/lib/python3.12/site-packages/luigi/worker.py", line 138, in _run_get_new_deps
    task_gen = self.task.run()
               ^^^^^^^^^^^^^^^
  File "/Users/ben/Projects/Scratchpads/Code/htmlify/htmlify/tasks/page.py", line 54, in run
    if self._is_tiny_tax():
       ^^^^^^^^^^^^^^^^^^^
  File "/Users/ben/Projects/Scratchpads/Code/htmlify/htmlify/tasks/page.py", line 60, in _is_tiny_tax
    return bool(self.soup.find('section', {"class": "block-tinytax"}))
        ^^^^^^^^^
AttributeError: 'PageTask' object has no attribute 'soup'
1 running tasks, waiting for next task to finish
Informed scheduler that task   PageTask_http___127_0_0_1_938e30c640   has status   FAILED
Asking scheduler for work...
Done
There are no more tasks to run at this time
There are 1 pending tasks possibly being run by other workers
There are 1 pending tasks unique to this worker
There are 1 pending tasks last scheduled by this worker
Worker Worker(salt=606126725, workers=1, host=NHDWNQLJW5FW.local, username=ben, pid=33756) was stopped. Shutting down Keep-Alive thread

===== Luigi Execution Summary =====

Scheduled 1 tasks of which:
* 1 failed:
    - 1 PageTask(url=http://127.0.0.1/taxonomy/term/8)

This progress looks :( because there were failed tasks

===== Luigi Execution Summary =====

Checking if PageTask(url=http://127.0.0.1/taxonomy/term/8) is complete
Informed scheduler that task   PageTask_http___127_0_0_1_938e30c640   has status   PENDING
Done scheduling tasks
Running Worker with 1 processes
Asking scheduler for work...
Pending tasks: 1
[pid 34089] Worker Worker(salt=8576668242, workers=1, host=NHDWNQLJW5FW.local, username=ben, pid=34089) running   PageTask(url=http://127.0.0.1/taxonomy/term/8)
HEYEYEYEYE
[pid 34089] Worker Worker(salt=8576668242, workers=1, host=NHDWNQLJW5FW.local, username=ben, pid=34089) done      PageTask(url=http://127.0.0.1/taxonomy/term/8)
1 running tasks, waiting for next task to finish
Informed scheduler that task   PageTask_http___127_0_0_1_938e30c640   has status   DONE
Asking scheduler for work...
Done
There are no more tasks to run at this time
Worker Worker(salt=8576668242, workers=1, host=NHDWNQLJW5FW.local, username=ben, pid=34089) was stopped. Shutting down Keep-Alive thread

===== Luigi Execution Summary =====

Scheduled 1 tasks of which:
* 1 ran successfully:
    - 1 PageTask(url=http://127.0.0.1/taxonomy/term/8)

This progress looks :) because there were no failed tasks or missing dependencies

===== Luigi Execution Summary =====

